<?xml version="1.0" encoding="UTF-8"?>
<testng-results skipped="0" failed="0" ignored="0" total="2" passed="2">
  <reporter-output>
  </reporter-output>
  <suite name="Suite" duration-ms="33897" started-at="2017-08-17T14:48:24Z" finished-at="2017-08-17T14:48:58Z">
    <groups>
    </groups>
    <test name="firefox" duration-ms="18720" started-at="2017-08-17T14:48:24Z" finished-at="2017-08-17T14:48:43Z">
      <class name="in.spencers.Testscript.CheckTitle">
        <test-method status="PASS" signature="preCondition(java.lang.String, java.lang.String)[pri:0, instance:in.spencers.Testscript.CheckTitle@4909b8da]" name="preCondition" is-config="true" duration-ms="16211" started-at="2017-08-17T20:18:24Z" finished-at="2017-08-17T20:18:40Z">
          <params>
            <param index="0">
              <value>
                <![CDATA[nothing]]>
              </value>
            </param>
            <param index="1">
              <value>
                <![CDATA[firefox]]>
              </value>
            </param>
          </params>
          <reporter-output>
          </reporter-output>
        </test-method> <!-- preCondition -->
        <test-method status="PASS" signature="checkTitle()[pri:0, instance:in.spencers.Testscript.CheckTitle@4909b8da]" name="checkTitle" duration-ms="1938" started-at="2017-08-17T20:18:40Z" finished-at="2017-08-17T20:18:42Z">
          <reporter-output>
          </reporter-output>
        </test-method> <!-- checkTitle -->
        <test-method status="PASS" signature="postCondition()[pri:0, instance:in.spencers.Testscript.CheckTitle@4909b8da]" name="postCondition" is-config="true" duration-ms="545" started-at="2017-08-17T20:18:42Z" finished-at="2017-08-17T20:18:43Z">
          <reporter-output>
          </reporter-output>
        </test-method> <!-- postCondition -->
      </class> <!-- in.spencers.Testscript.CheckTitle -->
    </test> <!-- firefox -->
    <test name="chrome" duration-ms="15153" started-at="2017-08-17T14:48:43Z" finished-at="2017-08-17T14:48:58Z">
      <class name="in.spencers.Testscript.CheckTitle">
        <test-method status="PASS" signature="preCondition(java.lang.String, java.lang.String)[pri:0, instance:in.spencers.Testscript.CheckTitle@12843fce]" name="preCondition" is-config="true" duration-ms="12974" started-at="2017-08-17T20:18:43Z" finished-at="2017-08-17T20:18:56Z">
          <params>
            <param index="0">
              <value>
                <![CDATA[nothing]]>
              </value>
            </param>
            <param index="1">
              <value>
                <![CDATA[chrome]]>
              </value>
            </param>
          </params>
          <reporter-output>
          </reporter-output>
        </test-method> <!-- preCondition -->
        <test-method status="PASS" signature="checkTitle()[pri:0, instance:in.spencers.Testscript.CheckTitle@12843fce]" name="checkTitle" duration-ms="86" started-at="2017-08-17T20:18:56Z" finished-at="2017-08-17T20:18:56Z">
          <reporter-output>
          </reporter-output>
        </test-method> <!-- checkTitle -->
        <test-method status="PASS" signature="postCondition()[pri:0, instance:in.spencers.Testscript.CheckTitle@12843fce]" name="postCondition" is-config="true" duration-ms="2092" started-at="2017-08-17T20:18:56Z" finished-at="2017-08-17T20:18:58Z">
          <reporter-output>
          </reporter-output>
        </test-method> <!-- postCondition -->
      </class> <!-- in.spencers.Testscript.CheckTitle -->
    </test> <!-- chrome -->
  </suite> <!-- Suite -->
</testng-results>
